<?xml version="1.0" encoding="UTF-8"?>
<!-- Generated by org.testng.reporters.JUnitXMLReporter -->
<testsuite ignored="0" hostname="DESKTOP-6MCO3NS" failures="0" tests="4" name="Default test" time="58.214" errors="0" timestamp="2024-04-15T12:16:15 IST">
  <testcase classname="com.qa.opencart.tests.LoginPageTest" name="forgortPasswordLinkTest" time="2.649"/>
  <testcase classname="com.qa.opencart.tests.LoginPageTest" name="loginPageTitleTest" time="0.13"/>
  <testcase classname="com.qa.opencart.tests.LoginPageTest" name="loginPageUrlTest" time="0.048"/>
  <testcase classname="com.qa.opencart.tests.LoginPageTest" name="loginTest" time="1.797"/>
</testsuite> <!-- Default test -->
