<?xml version="1.0" encoding="UTF-8"?>
<testng-results ignored="0" total="4" passed="4" failed="0" skipped="0">
  <reporter-output>
  </reporter-output>
  <suite started-at="2024-04-08T17:26:15 IST" name="Default suite" finished-at="2024-04-08T17:26:58 IST" duration-ms="42407">
    <groups>
    </groups>
    <test started-at="2024-04-08T17:26:15 IST" name="Default test" finished-at="2024-04-08T17:26:58 IST" duration-ms="42407">
      <class name="com.qa.opencart.tests.LoginPageTest">
        <test-method is-config="true" signature="setup()[pri:0, instance:com.qa.opencart.tests.LoginPageTest@57a48985]" started-at="2024-04-08T17:26:15 IST" name="setup" finished-at="2024-04-08T17:26:52 IST" duration-ms="37052" status="PASS">
          <reporter-output>
          </reporter-output>
        </test-method> <!-- setup -->
        <test-method signature="forgortPasswordLinkTest()[pri:0, instance:com.qa.opencart.tests.LoginPageTest@57a48985]" started-at="2024-04-08T17:26:52 IST" name="forgortPasswordLinkTest" finished-at="2024-04-08T17:26:54 IST" duration-ms="1222" status="PASS">
          <reporter-output>
          </reporter-output>
        </test-method> <!-- forgortPasswordLinkTest -->
        <test-method signature="loginPageTitleTest()[pri:0, instance:com.qa.opencart.tests.LoginPageTest@57a48985]" started-at="2024-04-08T17:26:54 IST" name="loginPageTitleTest" finished-at="2024-04-08T17:26:54 IST" duration-ms="69" status="PASS">
          <reporter-output>
          </reporter-output>
        </test-method> <!-- loginPageTitleTest -->
        <test-method signature="loginPageUrlTest()[pri:0, instance:com.qa.opencart.tests.LoginPageTest@57a48985]" started-at="2024-04-08T17:26:54 IST" name="loginPageUrlTest" finished-at="2024-04-08T17:26:54 IST" duration-ms="34" status="PASS">
          <reporter-output>
          </reporter-output>
        </test-method> <!-- loginPageUrlTest -->
        <test-method signature="loginTest()[pri:0, instance:com.qa.opencart.tests.LoginPageTest@57a48985]" started-at="2024-04-08T17:26:54 IST" name="loginTest" finished-at="2024-04-08T17:26:56 IST" duration-ms="1902" status="PASS">
          <reporter-output>
          </reporter-output>
        </test-method> <!-- loginTest -->
        <test-method is-config="true" signature="teardown()[pri:0, instance:com.qa.opencart.tests.LoginPageTest@57a48985]" started-at="2024-04-08T17:26:56 IST" name="teardown" finished-at="2024-04-08T17:26:58 IST" duration-ms="1199" status="PASS">
          <reporter-output>
          </reporter-output>
        </test-method> <!-- teardown -->
      </class> <!-- com.qa.opencart.tests.LoginPageTest -->
    </test> <!-- Default test -->
  </suite> <!-- Default suite -->
</testng-results>
