<?xml version="1.0" encoding="UTF-8"?>
<testng-results ignored="0" total="4" passed="4" failed="0" skipped="0">
  <reporter-output>
  </reporter-output>
  <suite started-at="2024-04-15T12:15:17 IST" name="Default suite" finished-at="2024-04-15T12:16:15 IST" duration-ms="58214">
    <groups>
    </groups>
    <test started-at="2024-04-15T12:15:17 IST" name="Default test" finished-at="2024-04-15T12:16:15 IST" duration-ms="58214">
      <class name="com.qa.opencart.tests.LoginPageTest">
        <test-method is-config="true" signature="setup()[pri:0, instance:com.qa.opencart.tests.LoginPageTest@889d9e8]" started-at="2024-04-15T12:15:17 IST" name="setup" finished-at="2024-04-15T12:16:07 IST" duration-ms="50048" status="PASS">
          <reporter-output>
          </reporter-output>
        </test-method> <!-- setup -->
        <test-method signature="forgortPasswordLinkTest()[pri:0, instance:com.qa.opencart.tests.LoginPageTest@889d9e8]" started-at="2024-04-15T12:16:07 IST" name="forgortPasswordLinkTest" finished-at="2024-04-15T12:16:10 IST" duration-ms="2649" status="PASS">
          <reporter-output>
          </reporter-output>
        </test-method> <!-- forgortPasswordLinkTest -->
        <test-method signature="loginPageTitleTest()[pri:0, instance:com.qa.opencart.tests.LoginPageTest@889d9e8]" started-at="2024-04-15T12:16:10 IST" name="loginPageTitleTest" finished-at="2024-04-15T12:16:10 IST" duration-ms="130" status="PASS">
          <reporter-output>
          </reporter-output>
        </test-method> <!-- loginPageTitleTest -->
        <test-method signature="loginPageUrlTest()[pri:0, instance:com.qa.opencart.tests.LoginPageTest@889d9e8]" started-at="2024-04-15T12:16:10 IST" name="loginPageUrlTest" finished-at="2024-04-15T12:16:10 IST" duration-ms="48" status="PASS">
          <reporter-output>
          </reporter-output>
        </test-method> <!-- loginPageUrlTest -->
        <test-method signature="loginTest()[pri:0, instance:com.qa.opencart.tests.LoginPageTest@889d9e8]" started-at="2024-04-15T12:16:10 IST" name="loginTest" finished-at="2024-04-15T12:16:12 IST" duration-ms="1797" status="PASS">
          <reporter-output>
          </reporter-output>
        </test-method> <!-- loginTest -->
        <test-method is-config="true" signature="teardown()[pri:0, instance:com.qa.opencart.tests.LoginPageTest@889d9e8]" started-at="2024-04-15T12:16:12 IST" name="teardown" finished-at="2024-04-15T12:16:15 IST" duration-ms="2931" status="PASS">
          <reporter-output>
          </reporter-output>
        </test-method> <!-- teardown -->
      </class> <!-- com.qa.opencart.tests.LoginPageTest -->
    </test> <!-- Default test -->
  </suite> <!-- Default suite -->
</testng-results>
